Arguments: 
  /usr/local/bin/node /usr/local/bin/yarn add marked

PATH: 
  /usr/local/opt/ruby/bin:/usr/local/bin:/usr/bin:/bin:/usr/sbin:/sbin:/Library/Apple/usr/bin:/Users/Macx/.rvm/bin:/Users/Macx/.rvm/bin

Yarn version: 
  1.22.10

Node version: 
  16.14.0

Platform: 
  darwin x64

Trace: 
  Error: ENOENT: no such file or directory, copyfile '/Users/Macx/Library/Caches/Yarn/v6/npm-chownr-2.0.0-15bfbe53d2eab4cf70f18a8cd68ebe5b3cb1dece-integrity/node_modules/chownr/LICENSE' -> '/Users/Macx/Desktop/vue/vue3_ts/node_modules/npminstall/node_modules/chownr/LICENSE'

npm manifest: 
  {
    "name": "vue3.x_ts",
    "version": "0.0.0",
    "scripts": {
      "dev": "vite",
      "build": "vue-tsc --noEmit && vite build",
      "preview": "vite preview"
    },
    "dependencies": {
      "vue": "^3.2.25",
      "vuex": "^4.0.2"
    },
    "devDependencies": {
      "@element-plus/icons-vue": "^0.2.4",
      "@types/node": "^17.0.8",
      "@vitejs/plugin-vue": "^2.0.0",
      "axios": "^0.24.0",
      "cnpm": "^7.1.0",
      "element-plus": "^1.3.0-beta.1",
      "less": "^4.1.2",
      "prettier": "^2.5.1",
      "sass": "^1.46.0",
      "stylus": "^0.56.0",
      "typescript": "^4.4.4",
      "vite": "^2.7.2",
      "vue-router": "^4.0.12",
      "vue-tsc": "^0.29.8"
    }
  }

yarn manifest: 
  No manifest

Lockfile: 
  No lockfile
